â•â•â•â•â•â•â•â•â•â•â•â•â•â•â•â•â•â•â•â•â•â•â•â•â•â•â•â•â•â•â•â•â•â•â•â•â•â•â•â•â•
[33m        run         [0m
â”€â”€â”€â”€â”€â”€â”€â”€â”€â”€â”€â”€â”€â”€â”€â”€â”€â”€â”€â”€â”¬â”€â”€â”€â”€â”€â”€â”€â”€â”€â”€â”€â”€â”€â”€â”€â”€â”€â”€â”€â”€
   log_directory    â”‚/Users/geyang/fair/many_world/data_gen
â•â•â•â•â•â•â•â•â•â•â•â•â•â•â•â•â•â•â•â•â•§â•â•â•â•â•â•â•â•â•â•â•â•â•â•â•â•â•â•â•â•
â•â•â•â•â•â•â•â•â•â•â•â•â•â•â•â•â•â•â•â•â•â•â•â•â•â•â•â•â•â•â•â•â•â•â•â•â•â•â•â•â•â•â•
[33m        run         [0m 
â”€â”€â”€â”€â”€â”€â”€â”€â”€â”€â”€â”€â”€â”€â”€â”€â”€â”€â”€â”€â”€â”¬â”€â”€â”€â”€â”€â”€â”€â”€â”€â”€â”€â”€â”€â”€â”€â”€â”€â”€â”€â”€â”€
   log_directory     â”‚ /Users/geyang/fair/many_world/data_gen
â•â•â•â•â•â•â•â•â•â•â•â•â•â•â•â•â•â•â•â•â•§â•â•â•â•â•â•â•â•â•â•â•â•â•â•â•â•â•â•â•â•
â•â•â•â•â•â•â•â•â•â•â•â•â•â•â•â•â•â•â•â•â•â•â•â•â•â•â•â•â•â•â•â•â•â•â•â•â•â•â•â•â•â•â•
[33m        run         [0m 
â”€â”€â”€â”€â”€â”€â”€â”€â”€â”€â”€â”€â”€â”€â”€â”€â”€â”€â”€â”€â”€â”¬â”€â”€â”€â”€â”€â”€â”€â”€â”€â”€â”€â”€â”€â”€â”€â”€â”€â”€â”€â”€â”€
   log_directory     â”‚ /Users/geyang/fair/many_world/data_gen
â•â•â•â•â•â•â•â•â•â•â•â•â•â•â•â•â•â•â•â•â•â•§â•â•â•â•â•â•â•â•â•â•â•â•â•â•â•â•â•â•â•â•â•
â•â•â•â•â•â•â•â•â•â•â•â•â•â•â•â•â•â•â•â•â•â•â•â•â•â•â•â•â•â•â•â•â•â•â•â•â•â•â•â•â•â•â•
[33m        run         [0m 
â”€â”€â”€â”€â”€â”€â”€â”€â”€â”€â”€â”€â”€â”€â”€â”€â”€â”€â”€â”€â”€â”¬â”€â”€â”€â”€â”€â”€â”€â”€â”€â”€â”€â”€â”€â”€â”€â”€â”€â”€â”€â”€â”€
   log_directory     â”‚ /Users/geyang/fair/many_world/data_gen
â•â•â•â•â•â•â•â•â•â•â•â•â•â•â•â•â•â•â•â•â•â•§â•â•â•â•â•â•â•â•â•â•â•â•â•â•â•â•â•â•â•â•â•
â•â•â•â•â•â•â•â•â•â•â•â•â•â•â•â•â•â•â•â•â•â•â•â•â•â•â•â•â•â•â•â•â•â•â•â•â•â•â•â•â•â•
[33m        run         [0m
â”€â”€â”€â”€â”€â”€â”€â”€â”€â”€â”€â”€â”€â”€â”€â”€â”€â”€â”€â”€â”¬â”€â”€â”€â”€â”€â”€â”€â”€â”€â”€â”€â”€â”€â”€â”€â”€â”€â”€â”€â”€â”€
   log_directory    â”‚ /Users/geyang/fair/many_world/data_gen
â•â•â•â•â•â•â•â•â•â•â•â•â•â•â•â•â•â•â•â•â•§â•â•â•â•â•â•â•â•â•â•â•â•â•â•â•â•â•â•â•â•â•
â•â•â•â•â•â•â•â•â•â•â•â•â•â•â•â•â•â•â•â•â•â•â•â•â•â•â•â•â•â•â•â•â•â•â•â•â•â•â•â•â•â•
[33m        run         [0m
â”€â”€â”€â”€â”€â”€â”€â”€â”€â”€â”€â”€â”€â”€â”€â”€â”€â”€â”€â”€â”¬â”€â”€â”€â”€â”€â”€â”€â”€â”€â”€â”€â”€â”€â”€â”€â”€â”€â”€â”€â”€â”€
   log_directory    â”‚ /Users/geyang/fair/many_world/data_gen
â•â•â•â•â•â•â•â•â•â•â•â•â•â•â•â•â•â•â•â•â•§â•â•â•â•â•â•â•â•â•â•â•â•â•â•â•â•â•â•â•â•â•
â•â•â•â•â•â•â•â•â•â•â•â•â•â•â•â•â•â•â•â•â•â•â•â•â•â•â•â•â•â•â•â•â•â•â•â•â•â•â•â•â•â•
[33m        run         [0m
â”€â”€â”€â”€â”€â”€â”€â”€â”€â”€â”€â”€â”€â”€â”€â”€â”€â”€â”€â”€â”¬â”€â”€â”€â”€â”€â”€â”€â”€â”€â”€â”€â”€â”€â”€â”€â”€â”€â”€â”€â”€â”€
   log_directory    â”‚ /Users/geyang/fair/many_world/data_gen
â•â•â•â•â•â•â•â•â•â•â•â•â•â•â•â•â•â•â•â•â•§â•â•â•â•â•â•â•â•â•â•â•â•â•â•â•â•â•â•â•â•â•
â•â•â•â•â•â•â•â•â•â•â•â•â•â•â•â•â•â•â•â•â•â•â•â•â•â•â•â•â•â•â•â•â•â•â•â•â•â•â•â•â•â•
[33m        run         [0m
â”€â”€â”€â”€â”€â”€â”€â”€â”€â”€â”€â”€â”€â”€â”€â”€â”€â”€â”€â”€â”¬â”€â”€â”€â”€â”€â”€â”€â”€â”€â”€â”€â”€â”€â”€â”€â”€â”€â”€â”€â”€â”€
   log_directory    â”‚ /Users/geyang/fair/many_world/data_gen
â•â•â•â•â•â•â•â•â•â•â•â•â•â•â•â•â•â•â•â•â•§â•â•â•â•â•â•â•â•â•â•â•â•â•â•â•â•â•â•â•â•â•
â•â•â•â•â•â•â•â•â•â•â•â•â•â•â•â•â•â•â•â•â•â•â•â•â•â•â•â•â•â•â•â•â•â•â•â•â•â•â•â•â•â•
[33m   some_namespace   [0m
â”€â”€â”€â”€â”€â”€â”€â”€â”€â”€â”€â”€â”€â”€â”€â”€â”€â”€â”€â”€â”¬â”€â”€â”€â”€â”€â”€â”€â”€â”€â”€â”€â”€â”€â”€â”€â”€â”€â”€â”€â”€â”€
       layer        â”‚ 10                  
   learning_rate    â”‚ 0.0001              
â•â•â•â•â•â•â•â•â•â•â•â•â•â•â•â•â•â•â•â•â•§â•â•â•â•â•â•â•â•â•â•â•â•â•â•â•â•â•â•â•â•â•
â•â•â•â•â•â•â•â•â•â•â•â•â•â•â•â•â•â•â•â•â•â•â•â•â•â•â•â•â•â•â•â•â•â•â•â•â•â•â•â•â•â•
[33m        run         [0m
â”€â”€â”€â”€â”€â”€â”€â”€â”€â”€â”€â”€â”€â”€â”€â”€â”€â”€â”€â”€â”¬â”€â”€â”€â”€â”€â”€â”€â”€â”€â”€â”€â”€â”€â”€â”€â”€â”€â”€â”€â”€â”€
   log_directory    â”‚ /Users/geyang/fair/many_world/data_gen
â•â•â•â•â•â•â•â•â•â•â•â•â•â•â•â•â•â•â•â•â•§â•â•â•â•â•â•â•â•â•â•â•â•â•â•â•â•â•â•â•â•â•
â•â•â•â•â•â•â•â•â•â•â•â•â•â•â•â•â•â•â•â•â•â•â•â•â•â•â•â•â•â•â•â•â•â•â•â•â•â•â•â•â•â•
[33m   some_namespace   [0m
â”€â”€â”€â”€â”€â”€â”€â”€â”€â”€â”€â”€â”€â”€â”€â”€â”€â”€â”€â”€â”¬â”€â”€â”€â”€â”€â”€â”€â”€â”€â”€â”€â”€â”€â”€â”€â”€â”€â”€â”€â”€â”€
       layer        â”‚ 10                  
   learning_rate    â”‚ 0.0001              
â•â•â•â•â•â•â•â•â•â•â•â•â•â•â•â•â•â•â•â•â•§â•â•â•â•â•â•â•â•â•â•â•â•â•â•â•â•â•â•â•â•â•
â•â•â•â•â•â•â•â•â•â•â•â•â•â•â•â•â•â•â•â•â•â•â•â•â•â•â•â•â•â•â•â•â•â•â•â•â•â•â•â•â•â•
[33m        run         [0m
â”€â”€â”€â”€â”€â”€â”€â”€â”€â”€â”€â”€â”€â”€â”€â”€â”€â”€â”€â”€â”¬â”€â”€â”€â”€â”€â”€â”€â”€â”€â”€â”€â”€â”€â”€â”€â”€â”€â”€â”€â”€â”€
   log_directory    â”‚ /Users/geyang/fair/many_world/data_gen
â•â•â•â•â•â•â•â•â•â•â•â•â•â•â•â•â•â•â•â•â•§â•â•â•â•â•â•â•â•â•â•â•â•â•â•â•â•â•â•â•â•â•
â•â•â•â•â•â•â•â•â•â•â•â•â•â•â•â•â•â•â•â•â•â•â•â•â•â•â•â•â•â•â•â•â•â•â•â•â•â•â•â•â•â•
[33m   some_namespace   [0m
â”€â”€â”€â”€â”€â”€â”€â”€â”€â”€â”€â”€â”€â”€â”€â”€â”€â”€â”€â”€â”¬â”€â”€â”€â”€â”€â”€â”€â”€â”€â”€â”€â”€â”€â”€â”€â”€â”€â”€â”€â”€â”€
       layer        â”‚ 10                  
   learning_rate    â”‚ 0.0001              
â•â•â•â•â•â•â•â•â•â•â•â•â•â•â•â•â•â•â•â•â•§â•â•â•â•â•â•â•â•â•â•â•â•â•â•â•â•â•â•â•â•â•
â•â•â•â•â•â•â•â•â•â•â•â•â•â•â•â•â•â•â•â•â•â•â•â•â•â•â•â•â•â•â•â•â•â•â•â•â•â•â•â•â•â•
[33m        run         [0m
â”€â”€â”€â”€â”€â”€â”€â”€â”€â”€â”€â”€â”€â”€â”€â”€â”€â”€â”€â”€â”¬â”€â”€â”€â”€â”€â”€â”€â”€â”€â”€â”€â”€â”€â”€â”€â”€â”€â”€â”€â”€â”€
   log_directory    â”‚ /Users/geyang/fair/many_world/data_gen
â•â•â•â•â•â•â•â•â•â•â•â•â•â•â•â•â•â•â•â•â•§â•â•â•â•â•â•â•â•â•â•â•â•â•â•â•â•â•â•â•â•â•
â•â•â•â•â•â•â•â•â•â•â•â•â•â•â•â•â•â•â•â•â•â•â•â•â•â•â•â•â•â•â•â•â•â•â•â•â•â•â•â•â•â•
[33m   some_namespace   [0m
â”€â”€â”€â”€â”€â”€â”€â”€â”€â”€â”€â”€â”€â”€â”€â”€â”€â”€â”€â”€â”¬â”€â”€â”€â”€â”€â”€â”€â”€â”€â”€â”€â”€â”€â”€â”€â”€â”€â”€â”€â”€â”€
       layer        â”‚ 10                  
   learning_rate    â”‚ 0.0001              
â•â•â•â•â•â•â•â•â•â•â•â•â•â•â•â•â•â•â•â•â•§â•â•â•â•â•â•â•â•â•â•â•â•â•â•â•â•â•â•â•â•â•
